<?xml version="1.0" encoding="UTF-8"?>
<coverage generated="1605707622310" clover="3.2.0">
  <project timestamp="1605707622311" name="All files">
    <metrics statements="156" coveredstatements="34" conditionals="37" coveredconditionals="5" methods="12" coveredmethods="0" elements="205" coveredelements="39" complexity="0" loc="156" ncloc="156" packages="6" files="22" classes="22">
      <package name="src">
        <metrics statements="44" coveredstatements="3" conditionals="13" coveredconditionals="0" methods="2" coveredmethods="0"/>
        <file name="App.vue" path="/Users/clmlkw/frontend-code-challenge/frontend/src/App.vue">
          <metrics statements="5" coveredstatements="0" conditionals="0" coveredconditionals="0" methods="1" coveredmethods="0"/>
          <line num="17" count="0" type="stmt"/>
          <line num="24" count="0" type="stmt"/>
          <line num="25" count="0" type="stmt"/>
          <line num="26" count="0" type="stmt"/>
          <line num="31" count="0" type="stmt"/>
        </file>
        <file name="graphql.js" path="/Users/clmlkw/frontend-code-challenge/frontend/src/graphql.js">
          <metrics statements="3" coveredstatements="3" conditionals="0" coveredconditionals="0" methods="0" coveredmethods="0"/>
          <line num="4" count="1" type="stmt"/>
          <line num="11" count="1" type="stmt"/>
          <line num="25" count="1" type="stmt"/>
        </file>
        <file name="router.js" path="/Users/clmlkw/frontend-code-challenge/frontend/src/router.js">
          <metrics statements="5" coveredstatements="0" conditionals="0" coveredconditionals="0" methods="0" coveredmethods="0"/>
          <line num="1" count="0" type="stmt"/>
          <line num="2" count="0" type="stmt"/>
          <line num="3" count="0" type="stmt"/>
          <line num="4" count="0" type="stmt"/>
          <line num="6" count="0" type="stmt"/>
        </file>
        <file name="store.js" path="/Users/clmlkw/frontend-code-challenge/frontend/src/store.js">
          <metrics statements="8" coveredstatements="0" conditionals="0" coveredconditionals="0" methods="0" coveredmethods="0"/>
          <line num="1" count="0" type="stmt"/>
          <line num="2" count="0" type="stmt"/>
          <line num="3" count="0" type="stmt"/>
          <line num="5" count="0" type="stmt"/>
          <line num="29" count="0" type="stmt"/>
          <line num="32" count="0" type="stmt"/>
          <line num="37" count="0" type="stmt"/>
          <line num="40" count="0" type="stmt"/>
        </file>
        <file name="vue-apollo.js" path="/Users/clmlkw/frontend-code-challenge/frontend/src/vue-apollo.js">
          <metrics statements="23" coveredstatements="0" conditionals="13" coveredconditionals="0" methods="1" coveredmethods="0"/>
          <line num="1" count="0" type="stmt"/>
          <line num="2" count="0" type="stmt"/>
          <line num="3" count="0" type="stmt"/>
          <line num="9" count="0" type="stmt"/>
          <line num="12" count="0" type="cond" truecount="0" falsecount="2"/>
          <line num="15" count="0" type="stmt"/>
          <line num="53" count="0" type="stmt"/>
          <line num="57" count="0" type="stmt"/>
          <line num="60" count="0" type="stmt"/>
          <line num="69" count="0" type="stmt"/>
          <line num="77" count="0" type="stmt"/>
          <line num="82" count="0" type="cond" truecount="0" falsecount="4"/>
          <line num="83" count="0" type="stmt"/>
          <line num="85" count="0" type="cond" truecount="0" falsecount="2"/>
          <line num="86" count="0" type="stmt"/>
          <line num="87" count="0" type="stmt"/>
          <line num="90" count="0" type="stmt"/>
          <line num="96" count="0" type="cond" truecount="0" falsecount="2"/>
          <line num="97" count="0" type="stmt"/>
          <line num="99" count="0" type="cond" truecount="0" falsecount="2"/>
          <line num="100" count="0" type="stmt"/>
          <line num="101" count="0" type="stmt"/>
          <line num="104" count="0" type="stmt"/>
        </file>
      </package>
      <package name="src.components.common">
        <metrics statements="28" coveredstatements="12" conditionals="9" coveredconditionals="5" methods="4" coveredmethods="0"/>
        <file name="BarScale.vue" path="/Users/clmlkw/frontend-code-challenge/frontend/src/components/common/BarScale.vue">
          <metrics statements="4" coveredstatements="3" conditionals="2" coveredconditionals="1" methods="0" coveredmethods="0"/>
          <line num="37" count="3" type="stmt"/>
          <line num="38" count="3" type="cond" truecount="1" falsecount="1"/>
          <line num="39" count="0" type="stmt"/>
          <line num="41" count="3" type="stmt"/>
        </file>
        <file name="FavoriteButton.vue" path="/Users/clmlkw/frontend-code-challenge/frontend/src/components/common/FavoriteButton.vue">
          <metrics statements="17" coveredstatements="5" conditionals="6" coveredconditionals="4" methods="4" coveredmethods="0"/>
          <line num="13" count="4" type="stmt"/>
          <line num="14" count="4" type="stmt"/>
          <line num="27" count="6" type="stmt"/>
          <line num="44" count="6" type="cond" truecount="2" falsecount="0"/>
          <line num="48" count="6" type="cond" truecount="2" falsecount="0"/>
          <line num="58" count="0" type="stmt"/>
          <line num="60" count="0" type="cond" truecount="0" falsecount="2"/>
          <line num="61" count="0" type="stmt"/>
          <line num="63" count="0" type="stmt"/>
          <line num="64" count="0" type="stmt"/>
          <line num="67" count="0" type="stmt"/>
          <line num="68" count="0" type="stmt"/>
          <line num="71" count="0" type="stmt"/>
          <line num="73" count="0" type="stmt"/>
          <line num="74" count="0" type="stmt"/>
          <line num="77" count="0" type="stmt"/>
          <line num="78" count="0" type="stmt"/>
        </file>
        <file name="PokemonImage.vue" path="/Users/clmlkw/frontend-code-challenge/frontend/src/components/common/PokemonImage.vue">
          <metrics statements="4" coveredstatements="4" conditionals="0" coveredconditionals="0" methods="0" coveredmethods="0"/>
          <line num="43" count="5" type="stmt"/>
          <line num="47" count="5" type="stmt"/>
          <line num="48" count="5" type="stmt"/>
          <line num="52" count="5" type="stmt"/>
        </file>
        <file name="SnackMsg.vue" path="/Users/clmlkw/frontend-code-challenge/frontend/src/components/common/SnackMsg.vue">
          <metrics statements="3" coveredstatements="0" conditionals="1" coveredconditionals="0" methods="0" coveredmethods="0"/>
          <line num="28" count="0" type="stmt"/>
          <line num="29" count="0" type="stmt"/>
          <line num="30" count="0" type="stmt"/>
        </file>
      </package>
      <package name="src.components.details">
        <metrics statements="14" coveredstatements="4" conditionals="2" coveredconditionals="0" methods="1" coveredmethods="0"/>
        <file name="Details.vue" path="/Users/clmlkw/frontend-code-challenge/frontend/src/components/details/Details.vue">
          <metrics statements="9" coveredstatements="4" conditionals="2" coveredconditionals="0" methods="0" coveredmethods="0"/>
          <line num="60" count="1" type="stmt"/>
          <line num="61" count="1" type="stmt"/>
          <line num="62" count="1" type="stmt"/>
          <line num="63" count="1" type="stmt"/>
          <line num="83" count="0" type="cond" truecount="0" falsecount="2"/>
          <line num="84" count="0" type="stmt"/>
          <line num="85" count="0" type="stmt"/>
          <line num="90" count="0" type="stmt"/>
          <line num="91" count="0" type="stmt"/>
        </file>
        <file name="PokemonDetails.vue" path="/Users/clmlkw/frontend-code-challenge/frontend/src/components/details/PokemonDetails.vue">
          <metrics statements="5" coveredstatements="0" conditionals="0" coveredconditionals="0" methods="1" coveredmethods="0"/>
          <line num="8" count="0" type="stmt"/>
          <line num="9" count="0" type="stmt"/>
          <line num="15" count="0" type="stmt"/>
          <line num="31" count="0" type="stmt"/>
          <line num="33" count="0" type="stmt"/>
        </file>
      </package>
      <package name="src.components.list">
        <metrics statements="58" coveredstatements="11" conditionals="13" coveredconditionals="0" methods="1" coveredmethods="0"/>
        <file name="GridItem.vue" path="/Users/clmlkw/frontend-code-challenge/frontend/src/components/list/GridItem.vue">
          <metrics statements="6" coveredstatements="2" conditionals="0" coveredconditionals="0" methods="0" coveredmethods="0"/>
          <line num="29" count="2" type="stmt"/>
          <line num="30" count="2" type="stmt"/>
          <line num="57" count="0" type="stmt"/>
          <line num="58" count="0" type="stmt"/>
          <line num="65" count="0" type="stmt"/>
          <line num="66" count="0" type="stmt"/>
        </file>
        <file name="GridLayout.vue" path="/Users/clmlkw/frontend-code-challenge/frontend/src/components/list/GridLayout.vue">
          <metrics statements="2" coveredstatements="2" conditionals="0" coveredconditionals="0" methods="0" coveredmethods="0"/>
          <line num="18" count="1" type="stmt"/>
          <line num="36" count="1" type="stmt"/>
        </file>
        <file name="ListItem.vue" path="/Users/clmlkw/frontend-code-challenge/frontend/src/components/list/ListItem.vue">
          <metrics statements="6" coveredstatements="2" conditionals="0" coveredconditionals="0" methods="0" coveredmethods="0"/>
          <line num="22" count="1" type="stmt"/>
          <line num="23" count="1" type="stmt"/>
          <line num="45" count="0" type="stmt"/>
          <line num="46" count="0" type="stmt"/>
          <line num="53" count="0" type="stmt"/>
          <line num="54" count="0" type="stmt"/>
        </file>
        <file name="ListLayout.vue" path="/Users/clmlkw/frontend-code-challenge/frontend/src/components/list/ListLayout.vue">
          <metrics statements="5" coveredstatements="0" conditionals="0" coveredconditionals="0" methods="0" coveredmethods="0"/>
          <line num="18" count="0" type="stmt"/>
          <line num="31" count="0" type="stmt"/>
          <line num="40" count="0" type="stmt"/>
          <line num="44" count="0" type="stmt"/>
          <line num="45" count="0" type="stmt"/>
        </file>
        <file name="ListTabs.vue" path="/Users/clmlkw/frontend-code-challenge/frontend/src/components/list/ListTabs.vue">
          <metrics statements="3" coveredstatements="0" conditionals="0" coveredconditionals="0" methods="0" coveredmethods="0"/>
          <line num="23" count="0" type="stmt"/>
          <line num="36" count="0" type="stmt"/>
          <line num="47" count="0" type="stmt"/>
        </file>
        <file name="ListToolbar.vue" path="/Users/clmlkw/frontend-code-challenge/frontend/src/components/list/ListToolbar.vue">
          <metrics statements="6" coveredstatements="5" conditionals="0" coveredconditionals="0" methods="0" coveredmethods="0"/>
          <line num="46" count="1" type="stmt"/>
          <line num="47" count="1" type="stmt"/>
          <line num="64" count="4" type="stmt"/>
          <line num="82" count="1" type="stmt"/>
          <line num="89" count="0" type="stmt"/>
          <line num="96" count="2" type="stmt"/>
        </file>
        <file name="PokemonList.vue" path="/Users/clmlkw/frontend-code-challenge/frontend/src/components/list/PokemonList.vue">
          <metrics statements="30" coveredstatements="0" conditionals="13" coveredconditionals="0" methods="1" coveredmethods="0"/>
          <line num="33" count="0" type="stmt"/>
          <line num="34" count="0" type="stmt"/>
          <line num="35" count="0" type="stmt"/>
          <line num="36" count="0" type="stmt"/>
          <line num="37" count="0" type="stmt"/>
          <line num="38" count="0" type="stmt"/>
          <line num="39" count="0" type="stmt"/>
          <line num="45" count="0" type="stmt"/>
          <line num="69" count="0" type="stmt"/>
          <line num="75" count="0" type="stmt"/>
          <line num="93" count="0" type="stmt"/>
          <line num="100" count="0" type="stmt"/>
          <line num="108" count="0" type="cond" truecount="0" falsecount="2"/>
          <line num="109" count="0" type="stmt"/>
          <line num="110" count="0" type="stmt"/>
          <line num="111" count="0" type="cond" truecount="0" falsecount="2"/>
          <line num="112" count="0" type="stmt"/>
          <line num="113" count="0" type="stmt"/>
          <line num="115" count="0" type="stmt"/>
          <line num="123" count="0" type="stmt"/>
          <line num="124" count="0" type="cond" truecount="0" falsecount="2"/>
          <line num="125" count="0" type="stmt"/>
          <line num="127" count="0" type="stmt"/>
          <line num="135" count="0" type="cond" truecount="0" falsecount="2"/>
          <line num="136" count="0" type="stmt"/>
          <line num="145" count="0" type="stmt"/>
          <line num="152" count="0" type="stmt"/>
          <line num="158" count="0" type="stmt"/>
          <line num="162" count="0" type="cond" truecount="0" falsecount="5"/>
          <line num="167" count="0" type="stmt"/>
        </file>
      </package>
      <package name="src.enums">
        <metrics statements="4" coveredstatements="4" conditionals="0" coveredconditionals="0" methods="0" coveredmethods="0"/>
        <file name="displayModes.js" path="/Users/clmlkw/frontend-code-challenge/frontend/src/enums/displayModes.js">
          <metrics statements="2" coveredstatements="2" conditionals="0" coveredconditionals="0" methods="0" coveredmethods="0"/>
          <line num="1" count="1" type="stmt"/>
          <line num="6" count="1" type="stmt"/>
        </file>
        <file name="index.js" path="/Users/clmlkw/frontend-code-challenge/frontend/src/enums/index.js">
          <metrics statements="0" coveredstatements="0" conditionals="0" coveredconditionals="0" methods="0" coveredmethods="0"/>
        </file>
        <file name="listTabIds.js" path="/Users/clmlkw/frontend-code-challenge/frontend/src/enums/listTabIds.js">
          <metrics statements="2" coveredstatements="2" conditionals="0" coveredconditionals="0" methods="0" coveredmethods="0"/>
          <line num="1" count="1" type="stmt"/>
          <line num="6" count="1" type="stmt"/>
        </file>
      </package>
      <package name="src.services">
        <metrics statements="8" coveredstatements="0" conditionals="0" coveredconditionals="0" methods="4" coveredmethods="0"/>
        <file name="apolloService.js" path="/Users/clmlkw/frontend-code-challenge/frontend/src/services/apolloService.js">
          <metrics statements="8" coveredstatements="0" conditionals="0" coveredconditionals="0" methods="4" coveredmethods="0"/>
          <line num="9" count="0" type="stmt"/>
          <line num="24" count="0" type="stmt"/>
          <line num="27" count="0" type="stmt"/>
          <line num="28" count="0" type="stmt"/>
          <line num="37" count="0" type="stmt"/>
          <line num="52" count="0" type="stmt"/>
          <line num="55" count="0" type="stmt"/>
          <line num="56" count="0" type="stmt"/>
        </file>
      </package>
    </metrics>
  </project>
</coverage>
