{"/Users/clmlkw/frontend-code-challenge/frontend/src/App.vue": {"path":"/Users/clmlkw/frontend-code-challenge/frontend/src/App.vue","statementMap":{"0":{"start":{"line":14,"column":0},"end":{"line":null,"column":-1}},"1":{"start":{"line":19,"column":0},"end":{"line":null,"column":-1}},"2":{"start":{"line":27,"column":0},"end":{"line":null,"column":-1}},"3":{"start":{"line":28,"column":0},"end":{"line":null,"column":-1}},"4":{"start":{"line":38,"column":0},"end":{"line":null,"column":-1}},"5":{"start":{"line":48,"column":0},"end":{"line":null,"column":-1}},"6":{"start":{"line":49,"column":0},"end":{"line":null,"column":-1}},"7":{"start":{"line":50,"column":0},"end":{"line":null,"column":-1}},"8":{"start":{"line":55,"column":0},"end":{"line":null,"column":-1}}},"fnMap":{"0":{"name":"(anonymous_1)","decl":{"start":{"line":19,"column":0},"end":{"line":null,"column":-1}},"loc":{"start":{"line":19,"column":0},"end":{"line":null,"column":-1}}}},"branchMap":{},"s":{"0":0,"1":0,"2":0,"3":0,"4":0,"5":0,"6":0,"7":0,"8":0},"f":{"0":0},"b":{}}
,"/Users/clmlkw/frontend-code-challenge/frontend/src/graphql.js": {"path":"/Users/clmlkw/frontend-code-challenge/frontend/src/graphql.js","statementMap":{"0":{"start":{"line":1,"column":0},"end":{"line":null,"column":-1}},"1":{"start":{"line":4,"column":33},"end":{"line":4,"column":7}},"2":{"start":{"line":11,"column":29},"end":{"line":11,"column":7}},"3":{"start":{"line":30,"column":34},"end":{"line":30,"column":7}}},"fnMap":{},"branchMap":{},"s":{"0":0,"1":0,"2":0,"3":0},"f":{},"b":{}}
,"/Users/clmlkw/frontend-code-challenge/frontend/src/router.js": {"path":"/Users/clmlkw/frontend-code-challenge/frontend/src/router.js","statementMap":{"0":{"start":{"line":1,"column":0},"end":{"line":null,"column":-1}},"1":{"start":{"line":2,"column":0},"end":{"line":null,"column":-1}},"2":{"start":{"line":3,"column":0},"end":{"line":null,"column":-1}},"3":{"start":{"line":4,"column":0},"end":{"line":null,"column":-1}},"4":{"start":{"line":6,"column":0},"end":{"line":null,"column":-1}}},"fnMap":{},"branchMap":{},"s":{"0":0,"1":0,"2":0,"3":0,"4":0},"f":{},"b":{}}
,"/Users/clmlkw/frontend-code-challenge/frontend/src/store.js": {"path":"/Users/clmlkw/frontend-code-challenge/frontend/src/store.js","statementMap":{"0":{"start":{"line":1,"column":0},"end":{"line":null,"column":-1}},"1":{"start":{"line":2,"column":0},"end":{"line":null,"column":-1}},"2":{"start":{"line":3,"column":0},"end":{"line":null,"column":-1}},"3":{"start":{"line":5,"column":0},"end":{"line":null,"column":-1}},"4":{"start":{"line":28,"column":6},"end":{"line":null,"column":-1}},"5":{"start":{"line":33,"column":6},"end":{"line":null,"column":-1}},"6":{"start":{"line":36,"column":6},"end":{"line":null,"column":-1}}},"fnMap":{},"branchMap":{},"s":{"0":0,"1":0,"2":0,"3":0,"4":0,"5":0,"6":0},"f":{},"b":{}}
,"/Users/clmlkw/frontend-code-challenge/frontend/src/vue-apollo.js": {"path":"/Users/clmlkw/frontend-code-challenge/frontend/src/vue-apollo.js","statementMap":{"0":{"start":{"line":1,"column":0},"end":{"line":null,"column":-1}},"1":{"start":{"line":2,"column":0},"end":{"line":null,"column":-1}},"2":{"start":{"line":3,"column":0},"end":{"line":null,"column":-1}},"3":{"start":{"line":9,"column":19},"end":{"line":9,"column":0}},"4":{"start":{"line":12,"column":21},"end":{"line":12,"column":0}},"5":{"start":{"line":15,"column":23},"end":{"line":15,"column":0}},"6":{"start":{"line":53,"column":37},"end":{"line":53,"column":2}},"7":{"start":{"line":57,"column":2},"end":{"line":51,"column":45}},"8":{"start":{"line":60,"column":25},"end":{"line":60,"column":2}},"9":{"start":{"line":69,"column":6},"end":{"line":null,"column":-1}},"10":{"start":{"line":77,"column":2},"end":{"line":null,"column":-1}},"11":{"start":{"line":82,"column":2},"end":{"line":84,"column":3}},"12":{"start":{"line":83,"column":4},"end":{"line":null,"column":-1}},"13":{"start":{"line":85,"column":2},"end":{"line":85,"column":29}},"14":{"start":{"line":85,"column":29},"end":{"line":null,"column":-1}},"15":{"start":{"line":86,"column":2},"end":{"line":91,"column":3}},"16":{"start":{"line":87,"column":4},"end":{"line":null,"column":-1}},"17":{"start":{"line":90,"column":4},"end":{"line":null,"column":-1}},"18":{"start":{"line":96,"column":2},"end":{"line":98,"column":3}},"19":{"start":{"line":97,"column":4},"end":{"line":null,"column":-1}},"20":{"start":{"line":99,"column":2},"end":{"line":99,"column":29}},"21":{"start":{"line":99,"column":29},"end":{"line":null,"column":-1}},"22":{"start":{"line":100,"column":2},"end":{"line":105,"column":3}},"23":{"start":{"line":101,"column":4},"end":{"line":null,"column":-1}},"24":{"start":{"line":104,"column":4},"end":{"line":null,"column":-1}}},"fnMap":{"0":{"name":"onLogout","decl":{"start":{"line":95,"column":22},"end":{"line":95,"column":7}},"loc":{"start":{"line":95,"column":45},"end":{"line":106,"column":1}}}},"branchMap":{"0":{"loc":{"start":{"line":12,"column":21},"end":{"line":12,"column":20}},"type":"binary-expr","locations":[{"start":{"line":12,"column":21},"end":{"line":12,"column":20}},{"start":{"line":12,"column":57},"end":{"line":12,"column":0}}]},"1":{"loc":{"start":{"line":51,"column":41},"end":{"line":51,"column":7}},"type":"default-arg","locations":[{"start":{"line":51,"column":41},"end":{"line":51,"column":7}}]},"2":{"loc":{"start":{"line":82,"column":2},"end":{"line":84,"column":3}},"type":"if","locations":[{"start":{"line":82,"column":2},"end":{"line":84,"column":3}},{"start":{"line":82,"column":2},"end":{"line":84,"column":3}}]},"3":{"loc":{"start":{"line":82,"column":6},"end":{"line":82,"column":5}},"type":"binary-expr","locations":[{"start":{"line":82,"column":6},"end":{"line":82,"column":5}},{"start":{"line":82,"column":45},"end":{"line":82,"column":2}}]},"4":{"loc":{"start":{"line":85,"column":2},"end":{"line":85,"column":29}},"type":"if","locations":[{"start":{"line":85,"column":2},"end":{"line":85,"column":29}},{"start":{"line":85,"column":2},"end":{"line":85,"column":29}}]},"5":{"loc":{"start":{"line":96,"column":2},"end":{"line":98,"column":3}},"type":"if","locations":[{"start":{"line":96,"column":2},"end":{"line":98,"column":3}},{"start":{"line":96,"column":2},"end":{"line":98,"column":3}}]},"6":{"loc":{"start":{"line":99,"column":2},"end":{"line":99,"column":29}},"type":"if","locations":[{"start":{"line":99,"column":2},"end":{"line":99,"column":29}},{"start":{"line":99,"column":2},"end":{"line":99,"column":29}}]}},"s":{"0":0,"1":0,"2":0,"3":0,"4":0,"5":0,"6":0,"7":0,"8":0,"9":0,"10":0,"11":0,"12":0,"13":0,"14":0,"15":0,"16":0,"17":0,"18":0,"19":0,"20":0,"21":0,"22":0,"23":0,"24":0},"f":{"0":0},"b":{"0":[0,0],"1":[0],"2":[0,0],"3":[0,0],"4":[0,0],"5":[0,0],"6":[0,0]}}
,"/Users/clmlkw/frontend-code-challenge/frontend/src/components/common/BarScale.vue": {"path":"/Users/clmlkw/frontend-code-challenge/frontend/src/components/common/BarScale.vue","statementMap":{"0":{"start":{"line":37,"column":0},"end":{"line":null,"column":-1}},"1":{"start":{"line":38,"column":0},"end":{"line":40,"column":0}},"2":{"start":{"line":39,"column":0},"end":{"line":null,"column":-1}},"3":{"start":{"line":41,"column":0},"end":{"line":null,"column":-1}}},"fnMap":{},"branchMap":{"0":{"loc":{"start":{"line":38,"column":0},"end":{"line":40,"column":0}},"type":"if","locations":[{"start":{"line":38,"column":0},"end":{"line":40,"column":0}},{"start":{"line":38,"column":0},"end":{"line":40,"column":0}}]}},"s":{"0":3,"1":3,"2":0,"3":3},"f":{},"b":{"0":[0,3]}}
,"/Users/clmlkw/frontend-code-challenge/frontend/src/components/common/FavoriteButton.vue": {"path":"/Users/clmlkw/frontend-code-challenge/frontend/src/components/common/FavoriteButton.vue","statementMap":{"0":{"start":{"line":13,"column":0},"end":{"line":null,"column":-1}},"1":{"start":{"line":14,"column":0},"end":{"line":null,"column":-1}},"2":{"start":{"line":27,"column":0},"end":{"line":null,"column":-1}},"3":{"start":{"line":44,"column":0},"end":{"line":null,"column":-1}},"4":{"start":{"line":48,"column":0},"end":{"line":null,"column":-1}},"5":{"start":{"line":58,"column":0},"end":{"line":null,"column":-1}},"6":{"start":{"line":60,"column":0},"end":{"line":80,"column":0}},"7":{"start":{"line":61,"column":0},"end":{"line":69,"column":0}},"8":{"start":{"line":63,"column":0},"end":{"line":null,"column":-1}},"9":{"start":{"line":64,"column":0},"end":{"line":null,"column":-1}},"10":{"start":{"line":67,"column":0},"end":{"line":null,"column":-1}},"11":{"start":{"line":68,"column":0},"end":{"line":null,"column":-1}},"12":{"start":{"line":71,"column":0},"end":{"line":79,"column":0}},"13":{"start":{"line":73,"column":0},"end":{"line":null,"column":-1}},"14":{"start":{"line":74,"column":0},"end":{"line":null,"column":-1}},"15":{"start":{"line":77,"column":0},"end":{"line":null,"column":-1}},"16":{"start":{"line":78,"column":0},"end":{"line":null,"column":-1}}},"fnMap":{"0":{"name":"(anonymous_1)","decl":{"start":{"line":61,"column":0},"end":{"line":null,"column":-1}},"loc":{"start":{"line":61,"column":0},"end":{"line":65,"column":0}}},"1":{"name":"(anonymous_2)","decl":{"start":{"line":65,"column":0},"end":{"line":null,"column":-1}},"loc":{"start":{"line":65,"column":0},"end":{"line":69,"column":0}}},"2":{"name":"(anonymous_3)","decl":{"start":{"line":71,"column":0},"end":{"line":null,"column":-1}},"loc":{"start":{"line":71,"column":0},"end":{"line":75,"column":0}}},"3":{"name":"(anonymous_4)","decl":{"start":{"line":75,"column":0},"end":{"line":null,"column":-1}},"loc":{"start":{"line":75,"column":0},"end":{"line":79,"column":0}}}},"branchMap":{"0":{"loc":{"start":{"line":44,"column":0},"end":{"line":null,"column":-1}},"type":"cond-expr","locations":[{"start":{"line":44,"column":0},"end":{"line":null,"column":-1}},{"start":{"line":44,"column":0},"end":{"line":null,"column":-1}}]},"1":{"loc":{"start":{"line":48,"column":0},"end":{"line":null,"column":-1}},"type":"cond-expr","locations":[{"start":{"line":48,"column":0},"end":{"line":null,"column":-1}},{"start":{"line":48,"column":0},"end":{"line":null,"column":-1}}]},"2":{"loc":{"start":{"line":60,"column":0},"end":{"line":80,"column":0}},"type":"if","locations":[{"start":{"line":60,"column":0},"end":{"line":80,"column":0}},{"start":{"line":60,"column":0},"end":{"line":80,"column":0}}]}},"s":{"0":4,"1":4,"2":6,"3":6,"4":6,"5":0,"6":0,"7":0,"8":0,"9":0,"10":0,"11":0,"12":0,"13":0,"14":0,"15":0,"16":0},"f":{"0":0,"1":0,"2":0,"3":0},"b":{"0":[4,2],"1":[4,2],"2":[0,0]}}
,"/Users/clmlkw/frontend-code-challenge/frontend/src/components/common/PokemonImage.vue": {"path":"/Users/clmlkw/frontend-code-challenge/frontend/src/components/common/PokemonImage.vue","statementMap":{"0":{"start":{"line":43,"column":0},"end":{"line":null,"column":-1}},"1":{"start":{"line":47,"column":0},"end":{"line":null,"column":-1}},"2":{"start":{"line":48,"column":0},"end":{"line":null,"column":-1}},"3":{"start":{"line":52,"column":0},"end":{"line":null,"column":-1}}},"fnMap":{},"branchMap":{},"s":{"0":5,"1":5,"2":5,"3":5},"f":{},"b":{}}
,"/Users/clmlkw/frontend-code-challenge/frontend/src/components/common/SnackMsg.vue": {"path":"/Users/clmlkw/frontend-code-challenge/frontend/src/components/common/SnackMsg.vue","statementMap":{"0":{"start":{"line":28,"column":0},"end":{"line":null,"column":-1}},"1":{"start":{"line":29,"column":0},"end":{"line":null,"column":-1}},"2":{"start":{"line":30,"column":0},"end":{"line":null,"column":-1}}},"fnMap":{},"branchMap":{"0":{"loc":{"start":{"line":27,"column":0},"end":{"line":null,"column":-1}},"type":"default-arg","locations":[{"start":{"line":27,"column":0},"end":{"line":null,"column":-1}}]}},"s":{"0":0,"1":0,"2":0},"f":{},"b":{"0":[0]}}
,"/Users/clmlkw/frontend-code-challenge/frontend/src/components/details/Details.vue": {"path":"/Users/clmlkw/frontend-code-challenge/frontend/src/components/details/Details.vue","statementMap":{"0":{"start":{"line":60,"column":0},"end":{"line":null,"column":-1}},"1":{"start":{"line":61,"column":0},"end":{"line":null,"column":-1}},"2":{"start":{"line":62,"column":0},"end":{"line":null,"column":-1}},"3":{"start":{"line":63,"column":0},"end":{"line":null,"column":-1}},"4":{"start":{"line":83,"column":0},"end":{"line":86,"column":0}},"5":{"start":{"line":84,"column":0},"end":{"line":null,"column":-1}},"6":{"start":{"line":85,"column":0},"end":{"line":null,"column":-1}},"7":{"start":{"line":90,"column":0},"end":{"line":null,"column":-1}},"8":{"start":{"line":91,"column":0},"end":{"line":null,"column":-1}}},"fnMap":{},"branchMap":{"0":{"loc":{"start":{"line":83,"column":0},"end":{"line":86,"column":0}},"type":"if","locations":[{"start":{"line":83,"column":0},"end":{"line":86,"column":0}},{"start":{"line":83,"column":0},"end":{"line":86,"column":0}}]}},"s":{"0":1,"1":1,"2":1,"3":1,"4":0,"5":0,"6":0,"7":0,"8":0},"f":{},"b":{"0":[0,0]}}
,"/Users/clmlkw/frontend-code-challenge/frontend/src/components/details/PokemonDetails.vue": {"path":"/Users/clmlkw/frontend-code-challenge/frontend/src/components/details/PokemonDetails.vue","statementMap":{"0":{"start":{"line":10,"column":0},"end":{"line":null,"column":-1}},"1":{"start":{"line":11,"column":0},"end":{"line":null,"column":-1}},"2":{"start":{"line":12,"column":0},"end":{"line":null,"column":-1}},"3":{"start":{"line":18,"column":0},"end":{"line":null,"column":-1}},"4":{"start":{"line":39,"column":0},"end":{"line":null,"column":-1}},"5":{"start":{"line":41,"column":0},"end":{"line":null,"column":-1}},"6":{"start":{"line":44,"column":0},"end":{"line":null,"column":-1}},"7":{"start":{"line":45,"column":0},"end":{"line":null,"column":-1}}},"fnMap":{"0":{"name":"(anonymous_1)","decl":{"start":{"line":41,"column":0},"end":{"line":null,"column":-1}},"loc":{"start":{"line":41,"column":0},"end":{"line":null,"column":-1}}}},"branchMap":{},"s":{"0":0,"1":0,"2":0,"3":0,"4":0,"5":0,"6":0,"7":0},"f":{"0":0},"b":{}}
,"/Users/clmlkw/frontend-code-challenge/frontend/src/components/list/GridItem.vue": {"path":"/Users/clmlkw/frontend-code-challenge/frontend/src/components/list/GridItem.vue","statementMap":{"0":{"start":{"line":29,"column":0},"end":{"line":null,"column":-1}},"1":{"start":{"line":30,"column":0},"end":{"line":null,"column":-1}},"2":{"start":{"line":57,"column":0},"end":{"line":null,"column":-1}},"3":{"start":{"line":58,"column":0},"end":{"line":null,"column":-1}},"4":{"start":{"line":65,"column":0},"end":{"line":null,"column":-1}},"5":{"start":{"line":66,"column":0},"end":{"line":null,"column":-1}}},"fnMap":{},"branchMap":{},"s":{"0":2,"1":2,"2":0,"3":0,"4":0,"5":0},"f":{},"b":{}}
,"/Users/clmlkw/frontend-code-challenge/frontend/src/components/list/GridLayout.vue": {"path":"/Users/clmlkw/frontend-code-challenge/frontend/src/components/list/GridLayout.vue","statementMap":{"0":{"start":{"line":18,"column":0},"end":{"line":null,"column":-1}},"1":{"start":{"line":36,"column":0},"end":{"line":null,"column":-1}}},"fnMap":{},"branchMap":{},"s":{"0":1,"1":1},"f":{},"b":{}}
,"/Users/clmlkw/frontend-code-challenge/frontend/src/components/list/ListItem.vue": {"path":"/Users/clmlkw/frontend-code-challenge/frontend/src/components/list/ListItem.vue","statementMap":{"0":{"start":{"line":22,"column":0},"end":{"line":null,"column":-1}},"1":{"start":{"line":23,"column":0},"end":{"line":null,"column":-1}},"2":{"start":{"line":45,"column":0},"end":{"line":null,"column":-1}},"3":{"start":{"line":46,"column":0},"end":{"line":null,"column":-1}},"4":{"start":{"line":53,"column":0},"end":{"line":null,"column":-1}},"5":{"start":{"line":54,"column":0},"end":{"line":null,"column":-1}}},"fnMap":{},"branchMap":{},"s":{"0":1,"1":1,"2":0,"3":0,"4":0,"5":0},"f":{},"b":{}}
,"/Users/clmlkw/frontend-code-challenge/frontend/src/components/list/ListLayout.vue": {"path":"/Users/clmlkw/frontend-code-challenge/frontend/src/components/list/ListLayout.vue","statementMap":{"0":{"start":{"line":18,"column":0},"end":{"line":null,"column":-1}},"1":{"start":{"line":31,"column":0},"end":{"line":null,"column":-1}},"2":{"start":{"line":40,"column":0},"end":{"line":null,"column":-1}},"3":{"start":{"line":44,"column":0},"end":{"line":null,"column":-1}},"4":{"start":{"line":45,"column":0},"end":{"line":null,"column":-1}}},"fnMap":{},"branchMap":{},"s":{"0":0,"1":0,"2":0,"3":0,"4":0},"f":{},"b":{}}
,"/Users/clmlkw/frontend-code-challenge/frontend/src/components/list/ListTabs.vue": {"path":"/Users/clmlkw/frontend-code-challenge/frontend/src/components/list/ListTabs.vue","statementMap":{"0":{"start":{"line":23,"column":0},"end":{"line":null,"column":-1}},"1":{"start":{"line":36,"column":0},"end":{"line":null,"column":-1}},"2":{"start":{"line":47,"column":0},"end":{"line":null,"column":-1}}},"fnMap":{},"branchMap":{},"s":{"0":0,"1":0,"2":0},"f":{},"b":{}}
,"/Users/clmlkw/frontend-code-challenge/frontend/src/components/list/ListToolbar.vue": {"path":"/Users/clmlkw/frontend-code-challenge/frontend/src/components/list/ListToolbar.vue","statementMap":{"0":{"start":{"line":46,"column":0},"end":{"line":null,"column":-1}},"1":{"start":{"line":63,"column":0},"end":{"line":null,"column":-1}},"2":{"start":{"line":76,"column":0},"end":{"line":null,"column":-1}},"3":{"start":{"line":83,"column":0},"end":{"line":null,"column":-1}},"4":{"start":{"line":90,"column":0},"end":{"line":null,"column":-1}}},"fnMap":{},"branchMap":{},"s":{"0":1,"1":4,"2":1,"3":0,"4":2},"f":{},"b":{}}
,"/Users/clmlkw/frontend-code-challenge/frontend/src/components/list/PokemonList.vue": {"path":"/Users/clmlkw/frontend-code-challenge/frontend/src/components/list/PokemonList.vue","statementMap":{"0":{"start":{"line":35,"column":0},"end":{"line":null,"column":-1}},"1":{"start":{"line":36,"column":0},"end":{"line":null,"column":-1}},"2":{"start":{"line":37,"column":0},"end":{"line":null,"column":-1}},"3":{"start":{"line":38,"column":0},"end":{"line":null,"column":-1}},"4":{"start":{"line":39,"column":0},"end":{"line":null,"column":-1}},"5":{"start":{"line":40,"column":0},"end":{"line":null,"column":-1}},"6":{"start":{"line":41,"column":0},"end":{"line":null,"column":-1}},"7":{"start":{"line":42,"column":0},"end":{"line":null,"column":-1}},"8":{"start":{"line":48,"column":0},"end":{"line":null,"column":-1}},"9":{"start":{"line":77,"column":0},"end":{"line":null,"column":-1}},"10":{"start":{"line":85,"column":0},"end":{"line":null,"column":-1}},"11":{"start":{"line":89,"column":0},"end":{"line":null,"column":-1}},"12":{"start":{"line":90,"column":0},"end":{"line":null,"column":-1}},"13":{"start":{"line":108,"column":0},"end":{"line":null,"column":-1}},"14":{"start":{"line":115,"column":0},"end":{"line":null,"column":-1}},"15":{"start":{"line":123,"column":0},"end":{"line":131,"column":0}},"16":{"start":{"line":124,"column":0},"end":{"line":null,"column":-1}},"17":{"start":{"line":125,"column":0},"end":{"line":null,"column":-1}},"18":{"start":{"line":126,"column":0},"end":{"line":131,"column":0}},"19":{"start":{"line":127,"column":0},"end":{"line":null,"column":-1}},"20":{"start":{"line":128,"column":0},"end":{"line":null,"column":-1}},"21":{"start":{"line":130,"column":0},"end":{"line":null,"column":-1}},"22":{"start":{"line":138,"column":0},"end":{"line":null,"column":-1}},"23":{"start":{"line":139,"column":0},"end":{"line":143,"column":0}},"24":{"start":{"line":140,"column":0},"end":{"line":null,"column":-1}},"25":{"start":{"line":142,"column":0},"end":{"line":null,"column":-1}},"26":{"start":{"line":150,"column":0},"end":{"line":152,"column":0}},"27":{"start":{"line":151,"column":0},"end":{"line":null,"column":-1}},"28":{"start":{"line":160,"column":0},"end":{"line":null,"column":-1}},"29":{"start":{"line":167,"column":0},"end":{"line":null,"column":-1}},"30":{"start":{"line":173,"column":0},"end":{"line":null,"column":-1}},"31":{"start":{"line":177,"column":0},"end":{"line":183,"column":0}},"32":{"start":{"line":182,"column":0},"end":{"line":null,"column":-1}}},"fnMap":{"0":{"name":"(anonymous_1)","decl":{"start":{"line":85,"column":0},"end":{"line":null,"column":-1}},"loc":{"start":{"line":85,"column":0},"end":{"line":null,"column":-1}}}},"branchMap":{"0":{"loc":{"start":{"line":123,"column":0},"end":{"line":131,"column":0}},"type":"if","locations":[{"start":{"line":123,"column":0},"end":{"line":131,"column":0}},{"start":{"line":123,"column":0},"end":{"line":131,"column":0}}]},"1":{"loc":{"start":{"line":126,"column":0},"end":{"line":131,"column":0}},"type":"if","locations":[{"start":{"line":126,"column":0},"end":{"line":131,"column":0}},{"start":{"line":126,"column":0},"end":{"line":131,"column":0}}]},"2":{"loc":{"start":{"line":139,"column":0},"end":{"line":143,"column":0}},"type":"if","locations":[{"start":{"line":139,"column":0},"end":{"line":143,"column":0}},{"start":{"line":139,"column":0},"end":{"line":143,"column":0}}]},"3":{"loc":{"start":{"line":150,"column":0},"end":{"line":152,"column":0}},"type":"if","locations":[{"start":{"line":150,"column":0},"end":{"line":152,"column":0}},{"start":{"line":150,"column":0},"end":{"line":152,"column":0}}]},"4":{"loc":{"start":{"line":177,"column":0},"end":{"line":183,"column":0}},"type":"if","locations":[{"start":{"line":177,"column":0},"end":{"line":183,"column":0}},{"start":{"line":177,"column":0},"end":{"line":183,"column":0}}]},"5":{"loc":{"start":{"line":177,"column":0},"end":{"line":null,"column":-1}},"type":"binary-expr","locations":[{"start":{"line":177,"column":0},"end":{"line":null,"column":-1}},{"start":{"line":177,"column":0},"end":{"line":null,"column":-1}},{"start":{"line":177,"column":0},"end":{"line":null,"column":-1}}]}},"s":{"0":0,"1":0,"2":0,"3":0,"4":0,"5":0,"6":0,"7":0,"8":0,"9":0,"10":0,"11":0,"12":0,"13":0,"14":0,"15":0,"16":0,"17":0,"18":0,"19":0,"20":0,"21":0,"22":0,"23":0,"24":0,"25":0,"26":0,"27":0,"28":0,"29":0,"30":0,"31":0,"32":0},"f":{"0":0},"b":{"0":[0,0],"1":[0,0],"2":[0,0],"3":[0,0],"4":[0,0],"5":[0,0,0]}}
,"/Users/clmlkw/frontend-code-challenge/frontend/src/enums/displayModes.js": {"path":"/Users/clmlkw/frontend-code-challenge/frontend/src/enums/displayModes.js","statementMap":{"0":{"start":{"line":1,"column":28},"end":{"line":4,"column":1}},"1":{"start":{"line":6,"column":0},"end":{"line":6,"column":28}}},"fnMap":{},"branchMap":{},"s":{"0":1,"1":1},"f":{},"b":{},"_coverageSchema":"332fd63041d2c1bcb487cc26dd0d5f7d97098a6c","hash":"8847301eeb1a7dc4327f4b5b1c3ae88cbe575937"}
,"/Users/clmlkw/frontend-code-challenge/frontend/src/enums/index.js": {"path":"/Users/clmlkw/frontend-code-challenge/frontend/src/enums/index.js","statementMap":{},"fnMap":{},"branchMap":{},"s":{},"f":{},"b":{},"_coverageSchema":"332fd63041d2c1bcb487cc26dd0d5f7d97098a6c","hash":"aaa8742c94a5e7537ed8c62881d787a780ed930c"}
,"/Users/clmlkw/frontend-code-challenge/frontend/src/enums/listTabIds.js": {"path":"/Users/clmlkw/frontend-code-challenge/frontend/src/enums/listTabIds.js","statementMap":{"0":{"start":{"line":1,"column":26},"end":{"line":4,"column":1}},"1":{"start":{"line":6,"column":0},"end":{"line":6,"column":26}}},"fnMap":{},"branchMap":{},"s":{"0":1,"1":1},"f":{},"b":{},"_coverageSchema":"332fd63041d2c1bcb487cc26dd0d5f7d97098a6c","hash":"8233cd7ed23869d166ea48bdc32b5360798cb044"}
,"/Users/clmlkw/frontend-code-challenge/frontend/src/services/apolloService.js": {"path":"/Users/clmlkw/frontend-code-challenge/frontend/src/services/apolloService.js","statementMap":{"0":{"start":{"line":9,"column":4},"end":{"line":29,"column":9}},"1":{"start":{"line":24,"column":8},"end":{"line":24,"column":15}},"2":{"start":{"line":27,"column":8},"end":{"line":27,"column":64}},"3":{"start":{"line":28,"column":8},"end":{"line":28,"column":30}},"4":{"start":{"line":37,"column":4},"end":{"line":57,"column":9}},"5":{"start":{"line":52,"column":8},"end":{"line":52,"column":15}},"6":{"start":{"line":55,"column":8},"end":{"line":55,"column":65}},"7":{"start":{"line":56,"column":8},"end":{"line":56,"column":30}}},"fnMap":{"0":{"name":"(anonymous_0)","decl":{"start":{"line":23,"column":12},"end":{"line":23,"column":13}},"loc":{"start":{"line":23,"column":18},"end":{"line":25,"column":7}},"line":23},"1":{"name":"(anonymous_1)","decl":{"start":{"line":26,"column":13},"end":{"line":26,"column":14}},"loc":{"start":{"line":26,"column":22},"end":{"line":29,"column":7}},"line":26},"2":{"name":"(anonymous_2)","decl":{"start":{"line":51,"column":12},"end":{"line":51,"column":13}},"loc":{"start":{"line":51,"column":18},"end":{"line":53,"column":7}},"line":51},"3":{"name":"(anonymous_3)","decl":{"start":{"line":54,"column":13},"end":{"line":54,"column":14}},"loc":{"start":{"line":54,"column":22},"end":{"line":57,"column":7}},"line":54}},"branchMap":{},"s":{"0":0,"1":0,"2":0,"3":0,"4":0,"5":0,"6":0,"7":0},"f":{"0":0,"1":0,"2":0,"3":0},"b":{},"_coverageSchema":"332fd63041d2c1bcb487cc26dd0d5f7d97098a6c","hash":"8973c430ca1eae1ac6abb955f67c01c269d6fa7c"}
}
