TN:
SF:/Users/clmlkw/frontend-code-challenge/frontend/src/App.vue
FN:17,(anonymous_1)
FNF:1
FNH:0
FNDA:0,(anonymous_1)
DA:17,0
DA:24,0
DA:25,0
DA:26,0
DA:31,0
LF:5
LH:0
BRF:0
BRH:0
end_of_record
TN:
SF:/Users/clmlkw/frontend-code-challenge/frontend/src/graphql.js
FNF:0
FNH:0
DA:4,1
DA:11,1
DA:25,1
LF:3
LH:3
BRF:0
BRH:0
end_of_record
TN:
SF:/Users/clmlkw/frontend-code-challenge/frontend/src/router.js
FNF:0
FNH:0
DA:1,0
DA:2,0
DA:3,0
DA:4,0
DA:6,0
LF:5
LH:0
BRF:0
BRH:0
end_of_record
TN:
SF:/Users/clmlkw/frontend-code-challenge/frontend/src/store.js
FNF:0
FNH:0
DA:1,0
DA:2,0
DA:3,0
DA:5,0
DA:29,0
DA:32,0
DA:37,0
DA:40,0
LF:8
LH:0
BRF:0
BRH:0
end_of_record
TN:
SF:/Users/clmlkw/frontend-code-challenge/frontend/src/vue-apollo.js
FN:95,onLogout
FNF:1
FNH:0
FNDA:0,onLogout
DA:1,0
DA:2,0
DA:3,0
DA:9,0
DA:12,0
DA:15,0
DA:53,0
DA:57,0
DA:60,0
DA:69,0
DA:77,0
DA:82,0
DA:83,0
DA:85,0
DA:86,0
DA:87,0
DA:90,0
DA:96,0
DA:97,0
DA:99,0
DA:100,0
DA:101,0
DA:104,0
LF:23
LH:0
BRDA:12,0,0,0
BRDA:12,0,1,0
BRDA:51,1,0,0
BRDA:82,2,0,0
BRDA:82,2,1,0
BRDA:82,3,0,0
BRDA:82,3,1,0
BRDA:85,4,0,0
BRDA:85,4,1,0
BRDA:96,5,0,0
BRDA:96,5,1,0
BRDA:99,6,0,0
BRDA:99,6,1,0
BRF:13
BRH:0
end_of_record
TN:
SF:/Users/clmlkw/frontend-code-challenge/frontend/src/components/common/BarScale.vue
FNF:0
FNH:0
DA:37,3
DA:38,3
DA:39,0
DA:41,3
LF:4
LH:3
BRDA:38,0,0,0
BRDA:38,0,1,3
BRF:2
BRH:1
end_of_record
TN:
SF:/Users/clmlkw/frontend-code-challenge/frontend/src/components/common/FavoriteButton.vue
FN:61,(anonymous_1)
FN:65,(anonymous_2)
FN:71,(anonymous_3)
FN:75,(anonymous_4)
FNF:4
FNH:0
FNDA:0,(anonymous_1)
FNDA:0,(anonymous_2)
FNDA:0,(anonymous_3)
FNDA:0,(anonymous_4)
DA:13,4
DA:14,4
DA:27,6
DA:44,6
DA:48,6
DA:58,0
DA:60,0
DA:61,0
DA:63,0
DA:64,0
DA:67,0
DA:68,0
DA:71,0
DA:73,0
DA:74,0
DA:77,0
DA:78,0
LF:17
LH:5
BRDA:44,0,0,4
BRDA:44,0,1,2
BRDA:48,1,0,4
BRDA:48,1,1,2
BRDA:60,2,0,0
BRDA:60,2,1,0
BRF:6
BRH:4
end_of_record
TN:
SF:/Users/clmlkw/frontend-code-challenge/frontend/src/components/common/PokemonImage.vue
FNF:0
FNH:0
DA:43,5
DA:47,5
DA:48,5
DA:52,5
LF:4
LH:4
BRF:0
BRH:0
end_of_record
TN:
SF:/Users/clmlkw/frontend-code-challenge/frontend/src/components/common/SnackMsg.vue
FNF:0
FNH:0
DA:28,0
DA:29,0
DA:30,0
LF:3
LH:0
BRDA:27,0,0,0
BRF:1
BRH:0
end_of_record
TN:
SF:/Users/clmlkw/frontend-code-challenge/frontend/src/components/details/Details.vue
FNF:0
FNH:0
DA:60,1
DA:61,1
DA:62,1
DA:63,1
DA:83,0
DA:84,0
DA:85,0
DA:90,0
DA:91,0
LF:9
LH:4
BRDA:83,0,0,0
BRDA:83,0,1,0
BRF:2
BRH:0
end_of_record
TN:
SF:/Users/clmlkw/frontend-code-challenge/frontend/src/components/details/DetailsContainer.vue
FN:33,(anonymous_1)
FNF:1
FNH:0
FNDA:0,(anonymous_1)
DA:8,0
DA:9,0
DA:15,0
DA:31,0
DA:33,0
LF:5
LH:0
BRF:0
BRH:0
end_of_record
TN:
SF:/Users/clmlkw/frontend-code-challenge/frontend/src/components/list/GridItem.vue
FNF:0
FNH:0
DA:29,2
DA:30,2
DA:57,0
DA:58,0
DA:65,0
DA:66,0
LF:6
LH:2
BRF:0
BRH:0
end_of_record
TN:
SF:/Users/clmlkw/frontend-code-challenge/frontend/src/components/list/GridLayout.vue
FNF:0
FNH:0
DA:18,1
DA:36,1
LF:2
LH:2
BRF:0
BRH:0
end_of_record
TN:
SF:/Users/clmlkw/frontend-code-challenge/frontend/src/components/list/ListContainer.vue
FN:75,(anonymous_1)
FNF:1
FNH:0
FNDA:0,(anonymous_1)
DA:33,0
DA:34,0
DA:35,0
DA:36,0
DA:37,0
DA:38,0
DA:39,0
DA:45,0
DA:69,0
DA:75,0
DA:93,0
DA:100,0
DA:108,0
DA:109,0
DA:110,0
DA:111,0
DA:112,0
DA:113,0
DA:115,0
DA:123,0
DA:124,0
DA:125,0
DA:127,0
DA:135,0
DA:136,0
DA:145,0
DA:152,0
DA:158,0
DA:162,0
DA:167,0
LF:30
LH:0
BRDA:108,0,0,0
BRDA:108,0,1,0
BRDA:111,1,0,0
BRDA:111,1,1,0
BRDA:124,2,0,0
BRDA:124,2,1,0
BRDA:135,3,0,0
BRDA:135,3,1,0
BRDA:162,4,0,0
BRDA:162,4,1,0
BRDA:162,5,0,0
BRDA:162,5,1,0
BRDA:162,5,2,0
BRF:13
BRH:0
end_of_record
TN:
SF:/Users/clmlkw/frontend-code-challenge/frontend/src/components/list/ListItem.vue
FNF:0
FNH:0
DA:22,1
DA:23,1
DA:45,0
DA:46,0
DA:53,0
DA:54,0
LF:6
LH:2
BRF:0
BRH:0
end_of_record
TN:
SF:/Users/clmlkw/frontend-code-challenge/frontend/src/components/list/ListLayout.vue
FNF:0
FNH:0
DA:18,0
DA:31,0
DA:40,0
DA:44,0
DA:45,0
LF:5
LH:0
BRF:0
BRH:0
end_of_record
TN:
SF:/Users/clmlkw/frontend-code-challenge/frontend/src/components/list/ListTabs.vue
FNF:0
FNH:0
DA:23,0
DA:36,0
DA:47,0
LF:3
LH:0
BRF:0
BRH:0
end_of_record
TN:
SF:/Users/clmlkw/frontend-code-challenge/frontend/src/components/list/ListToolbar.vue
FNF:0
FNH:0
DA:46,1
DA:47,1
DA:64,4
DA:82,1
DA:89,0
DA:96,2
LF:6
LH:5
BRF:0
BRH:0
end_of_record
TN:
SF:/Users/clmlkw/frontend-code-challenge/frontend/src/enums/displayModes.js
FNF:0
FNH:0
DA:1,1
DA:6,1
LF:2
LH:2
BRF:0
BRH:0
end_of_record
TN:
SF:/Users/clmlkw/frontend-code-challenge/frontend/src/enums/index.js
FNF:0
FNH:0
LF:0
LH:0
BRF:0
BRH:0
end_of_record
TN:
SF:/Users/clmlkw/frontend-code-challenge/frontend/src/enums/listTabIds.js
FNF:0
FNH:0
DA:1,1
DA:6,1
LF:2
LH:2
BRF:0
BRH:0
end_of_record
TN:
SF:/Users/clmlkw/frontend-code-challenge/frontend/src/services/apolloService.js
FN:23,(anonymous_0)
FN:26,(anonymous_1)
FN:51,(anonymous_2)
FN:54,(anonymous_3)
FNF:4
FNH:0
FNDA:0,(anonymous_0)
FNDA:0,(anonymous_1)
FNDA:0,(anonymous_2)
FNDA:0,(anonymous_3)
DA:9,0
DA:24,0
DA:27,0
DA:28,0
DA:37,0
DA:52,0
DA:55,0
DA:56,0
LF:8
LH:0
BRF:0
BRH:0
end_of_record
